{
  "0 debug pnpm:scope": {
    "selected": 1
  },
  "1 debug pnpm:package-manifest": {
    "initial": {},
    "prefix": "S:\\Github\\kOFReadie\\MPU-Tracking\\src\\client"
  },
  "2 debug pnpm:context": {
    "currentLockfileExists": false,
    "storeDir": "S:\\.pnpm-store\\v3",
    "virtualStoreDir": "S:\\Github\\kOFReadie\\MPU-Tracking\\src\\client\\node_modules\\.pnpm"
  },
  "3 debug pnpm:stage": {
    "prefix": "S:\\Github\\kOFReadie\\MPU-Tracking\\src\\client",
    "stage": "resolution_started"
  },
  "4 debug pnpm:update-check": {
    "currentVersion": "6.7.6",
    "latestVersion": "6.15.0"
  },
  "5 error pnpm": {
    "code": "ERR_PNPM_FETCH_404",
    "hint": "@types/threejs is not in the npm registry, or you have no permission to fetch it.\n\nNo authorization header was set for the request.",
    "request": {
      "url": "https://registry.npmjs.org/@types%2Fthreejs"
    },
    "response": {
      "size": 0,
      "timeout": 60000
    },
    "pkgName": "@types/threejs",
    "pkgsStack": [],
    "err": {
      "name": "Error",
      "message": "GET https://registry.npmjs.org/@types%2Fthreejs: Not Found - 404",
      "code": "ERR_PNPM_FETCH_404",
      "stack": "Error: GET https://registry.npmjs.org/@types%2Fthreejs: Not Found - 404\n    at RetryOperation._fn (C:\\Users\\kOFRe\\AppData\\Roaming\\npm\\node_modules\\pnpm\\dist\\pnpm.cjs:78998:18)\n    at processTicksAndRejections (internal/process/task_queues.js:95:5)"
    }
  }
}